warning: Git tree '/home/kendell/nixos' is dirty
copying path '/nix/store/khbvilmsrv4l69nwd52h27j1mp44a0xi-source' from 'https://cache.nixos.org'...
building the system configuration...
warning: Git tree '/home/kendell/nixos' is dirty
copying path '/nix/store/hjb1rqv2mfs5ny47amj2gsc8xk05x5g6-source' from 'https://cache.nixos.org'...
evaluation warning: inconsolata-nerdfont is redundant. Use nerd-fonts.inconsolata instead.
evaluation warning: kendell profile: The option `qt.style.catppuccin.accent' defined in `/nix/store/w00mr0w8vfhyljdr1mybpsh2hacj7j0p-source/hosts/desktop/home.nix' and `/nix/store/w00mr0w8vfhyljdr1mybpsh2hacj7j0p-source/hosts/desktop/configuration.nix' has been renamed to `catppuccin.kvantum.accent'.
evaluation warning: kendell profile: The option `qt.style.catppuccin.flavor' defined in `/nix/store/w00mr0w8vfhyljdr1mybpsh2hacj7j0p-source/hosts/desktop/home.nix' and `/nix/store/w00mr0w8vfhyljdr1mybpsh2hacj7j0p-source/hosts/desktop/configuration.nix' has been renamed to `catppuccin.kvantum.flavor'.
evaluation warning: kendell profile: The option `qt.style.catppuccin.enable' defined in `/nix/store/w00mr0w8vfhyljdr1mybpsh2hacj7j0p-source/hosts/desktop/home.nix' and `/nix/store/w00mr0w8vfhyljdr1mybpsh2hacj7j0p-source/hosts/desktop/configuration.nix' has been renamed to `catppuccin.kvantum.enable'.
evaluation warning: The option `services.xserver.displayManager.defaultSession' defined in `/nix/store/w00mr0w8vfhyljdr1mybpsh2hacj7j0p-source/modules/nixos/i3.nix' has been renamed to `services.displayManager.defaultSession'.
evaluation warning: The option `programs.zsh.enableAutosuggestions' defined in `/nix/store/w00mr0w8vfhyljdr1mybpsh2hacj7j0p-source/hosts/desktop/configuration.nix' has been renamed to `programs.zsh.autosuggestions.enable'.
evaluation warning: xdg-desktop-portal 1.17 reworked how portal implementations are loaded, you
                    should either set `xdg.portal.config` or `xdg.portal.configPackages`
                    to specify which portal backend to use for the requested interface.

                    https://github.com/flatpak/xdg-desktop-portal/blob/1.18.1/doc/portals.conf.rst.in

                    If you simply want to keep the behaviour in < 1.17, which uses the first
                    portal implementation found in lexicographical order, use the following:

                    xdg.portal.config.common.default = "*";
these 22 derivations will be built:
  /nix/store/9smjjb5pkmcbykz8p4786s3a4nq6m030-builder.pl.drv
  /nix/store/kab66a9xnrqly1xqf32ky9glplwx3731-dummy-xdg-mime-dirs1.drv
  /nix/store/lm4m2rxiks493wn81721kky9y2q77914-dummy-xdg-mime-dirs2.drv
  /nix/store/bam53m0ynr8dy1y6rjl47xkcygw4qxg7-postman.desktop.drv
  /nix/store/k1nw75samdm35cwsjdwd4pg5ryn8c03b-postman-11.1.0.tar.gz.drv
  /nix/store/pps5y677lv19csqhgbg66201dkp0cbv7-postman-11.1.0.drv
  /nix/store/f09x3i2zis9s4qxcp7q2m8symjk74l3l-home-manager-path.drv
  /nix/store/lf5s2fxk82313vacwvwkahgqrm6hqfav-activation-script.drv
  /nix/store/ynd9crz36vsgvgphaif906452vwyv12p-home-manager-generation.drv
  /nix/store/049hz96834cs229s95syif6hjah9zk4c-unit-home-manager-kendell.service.drv
  /nix/store/1jwsygyi7xdi4p9c8q1xkzp3kp2bypr8-perl-5.40.0-env.drv
  /nix/store/1ri2gfki84b6hq5zp2a8bgwyqmm1dnhj-check-sshd-config.drv
  /nix/store/jnpvwpmzgdxcz5yky33dbk23p6qx3sba-unit-console-getty.service-disabled.drv
  /nix/store/k7x0z0vmaxvxhanhkpxmnaaw7jfk70y8-unit-pipewire.service-disabled.drv
  /nix/store/wk2z3n061b9w7v755jh2whl86v7n4hal-unit-wireplumber.service-disabled.drv
  /nix/store/zfcnab7168x39igsd0k5lvgjmlwivsgz-unit-pipewire.socket-disabled.drv
  /nix/store/550bwspw1ljs3jbbjm7fkpshr6hsap2h-system-units.drv
  /nix/store/40hxyhs1gp8d3dwwamyx89v11g5x8588-etc.drv
  /nix/store/9a4qaghws7lgag6bzf7arhy6njfxrf4l-ensure-all-wrappers-paths-exist.drv
  /nix/store/l07m6dwl98wsipaga66dk3vcd67jxvz2-stage-2-init.sh.drv
  /nix/store/nmnp9sgdkjpf5nk8c7svarwrn4m82a08-boot.json.drv
  /nix/store/15yzwjf45wdkhpfjp2kyrav86h30masc-nixos-system-Arc-170-25.05.20250112.ed4a395.drv
these 39 paths will be fetched (5.96 MiB download, 33.44 MiB unpacked):
  /nix/store/rckfjiqi7i7mf7a6lxibgh6qnz3nc4ab-alsa-lib-1.2.13-dev
  /nix/store/6d0fvzhs7s6h13zy6ds0dvnl2lci232a-copy-desktop-items-hook
  /nix/store/pkc7mb4a4qvyz73srkqh4mwl70w98dsv-curl-8.11.0
  /nix/store/p123cq20klajcl9hj8jnkjip5nw6awhz-curl-8.11.0-bin
  /nix/store/5f5linrxzhhb3mrclkwdpm9bd8ygldna-curl-8.11.0-dev
  /nix/store/agvks3qmzja0yj54szi3vja6vx3cwkkw-curl-8.11.0-man
  /nix/store/qj9sknibkcml9b4v8gwljh4ph3yg9ssb-die-hook
  /nix/store/c4rj90r2m89rxs64hmm857mipwjhig5d-file-5.46
  /nix/store/1m67ipsk39xvhyqrxnzv2m2p48pil8kl-gnu-config-2024-01-01
  /nix/store/fp6cjl1zcmm6mawsnrb5yak1wkz2ma8l-gnumake-4.4.1
  /nix/store/milph81dilrh96isyivh5n50agpx39k2-krb5-1.21.3
  /nix/store/b56mswksrql15knpb1bnhv3ysif340kd-krb5-1.21.3-dev
  /nix/store/v9c1s50x7magpiqgycxxkn36avzbcg0g-krb5-1.21.3-lib
  /nix/store/ymwk6q3ac91r731bv5z84bcw84l4m48m-librsvg-2.58.3-dev
  /nix/store/shjgrma60hn7k8wghc0n25a2zsdpq85r-libsecret-0.21.4-dev
  /nix/store/8675pnfr4fqnwv4pzjl67hdwls4q13aa-libssh2-1.11.1
  /nix/store/d7zhcrcc7q3yfbm3qkqpgc3daq82spwi-libssh2-1.11.1-dev
  /nix/store/mfkfh5cq421ky28z3q2sa1f1m5rv3w98-libxshmfence-1.3.2-dev
  /nix/store/ba8g7jzqh1ispk24ml5qlr7m9zvjw0bg-make-binary-wrapper-hook
  /nix/store/9cdcy8k4zp8zm03kpqf49xghfk1c451l-make-shell-wrapper-hook
  /nix/store/fv7gpnvg922frkh81w5hkdhpz0nw3iiz-mirrors-list
  /nix/store/grixvx878884hy8x3xs0c0s1i00j632k-nghttp2-1.64.0
  /nix/store/dz97fw51rm5bl9kz1vg0haj1j1a7r1mr-nghttp2-1.64.0-dev
  /nix/store/qcghigzrz56vczwlzg9c02vbs6zr9jkz-nghttp2-1.64.0-lib
  /nix/store/q32k2s4rijlvk1sq4q56s6gjz8mr37ml-nspr-4.36-dev
  /nix/store/a7z0p8j5mykcbb3m9agpcmac83j0ak0q-nss-3.101.2-dev
  /nix/store/9l9n7a0v4aibcz0sgd0crs209an9p7dz-openssl-3.3.2
  /nix/store/qq5q0alyzywdazhmybi7m69akz0ppk05-openssl-3.3.2-bin
  /nix/store/kqm7wpqkzc4bwjlzqizcbz0mgkj06a9x-openssl-3.3.2-dev
  /nix/store/srfxqk119fijwnprgsqvn68ys9kiw0bn-patchelf-0.15.0
  /nix/store/8nc8ws6hc0ypkp8nalv890la0cgh0di9-perl5.40.0-Config-IniFiles-3.000003
  /nix/store/r9l32nn8xv67p2syzpfyv1gg9g4w6l9m-perl5.40.0-IO-Stringy-2.113
  /nix/store/4ig84cyqi6qy4n0sanrbzsw1ixa497jx-stdenv-linux
  /nix/store/d0gfdcag8bxzvg7ww4s7px4lf8sxisyx-stdenv-linux
  /nix/store/d29r1bdmlvwmj52apgcdxfl1mm9c5782-update-autotools-gnu-config-scripts-hook
  /nix/store/fxlb7p7yqr0vw0m9ll1a4sg9bwhiby1b-util-linux-minimal-2.39.4
  /nix/store/yprr97nrxmmhbxzbxz1i8ygs6z0sc8jr-util-linux-minimal-2.39.4-dev
  /nix/store/0nmsi40rfxgv5r2c7673c9lv42rxvpb3-wrap-gapps-hook
  /nix/store/1hcpvphxciavlifp9bq9dnphlq25hd3i-xkb-validated
copying path '/nix/store/1hcpvphxciavlifp9bq9dnphlq25hd3i-xkb-validated' from 'https://cache.nixos.org'...
copying path '/nix/store/qj9sknibkcml9b4v8gwljh4ph3yg9ssb-die-hook' from 'https://cache.nixos.org'...
copying path '/nix/store/r9l32nn8xv67p2syzpfyv1gg9g4w6l9m-perl5.40.0-IO-Stringy-2.113' from 'https://cache.nixos.org'...
copying path '/nix/store/1m67ipsk39xvhyqrxnzv2m2p48pil8kl-gnu-config-2024-01-01' from 'https://cache.nixos.org'...
copying path '/nix/store/c4rj90r2m89rxs64hmm857mipwjhig5d-file-5.46' from 'https://cache.nixos.org'...
copying path '/nix/store/fp6cjl1zcmm6mawsnrb5yak1wkz2ma8l-gnumake-4.4.1' from 'https://cache.nixos.org'...
copying path '/nix/store/srfxqk119fijwnprgsqvn68ys9kiw0bn-patchelf-0.15.0' from 'https://cache.nixos.org'...
copying path '/nix/store/6d0fvzhs7s6h13zy6ds0dvnl2lci232a-copy-desktop-items-hook' from 'https://cache.nixos.org'...
copying path '/nix/store/fxlb7p7yqr0vw0m9ll1a4sg9bwhiby1b-util-linux-minimal-2.39.4' from 'https://cache.nixos.org'...
copying path '/nix/store/rckfjiqi7i7mf7a6lxibgh6qnz3nc4ab-alsa-lib-1.2.13-dev' from 'https://cache.nixos.org'...
copying path '/nix/store/shjgrma60hn7k8wghc0n25a2zsdpq85r-libsecret-0.21.4-dev' from 'https://cache.nixos.org'...
copying path '/nix/store/mfkfh5cq421ky28z3q2sa1f1m5rv3w98-libxshmfence-1.3.2-dev' from 'https://cache.nixos.org'...
copying path '/nix/store/q32k2s4rijlvk1sq4q56s6gjz8mr37ml-nspr-4.36-dev' from 'https://cache.nixos.org'...
copying path '/nix/store/ymwk6q3ac91r731bv5z84bcw84l4m48m-librsvg-2.58.3-dev' from 'https://cache.nixos.org'...
copying path '/nix/store/fv7gpnvg922frkh81w5hkdhpz0nw3iiz-mirrors-list' from 'https://cache.nixos.org'...
copying path '/nix/store/agvks3qmzja0yj54szi3vja6vx3cwkkw-curl-8.11.0-man' from 'https://cache.nixos.org'...
copying path '/nix/store/grixvx878884hy8x3xs0c0s1i00j632k-nghttp2-1.64.0' from 'https://cache.nixos.org'...
copying path '/nix/store/9l9n7a0v4aibcz0sgd0crs209an9p7dz-openssl-3.3.2' from 'https://cache.nixos.org'...
copying path '/nix/store/qcghigzrz56vczwlzg9c02vbs6zr9jkz-nghttp2-1.64.0-lib' from 'https://cache.nixos.org'...
copying path '/nix/store/ba8g7jzqh1ispk24ml5qlr7m9zvjw0bg-make-binary-wrapper-hook' from 'https://cache.nixos.org'...
copying path '/nix/store/9cdcy8k4zp8zm03kpqf49xghfk1c451l-make-shell-wrapper-hook' from 'https://cache.nixos.org'...
copying path '/nix/store/8nc8ws6hc0ypkp8nalv890la0cgh0di9-perl5.40.0-Config-IniFiles-3.000003' from 'https://cache.nixos.org'...
copying path '/nix/store/d29r1bdmlvwmj52apgcdxfl1mm9c5782-update-autotools-gnu-config-scripts-hook' from 'https://cache.nixos.org'...
copying path '/nix/store/yprr97nrxmmhbxzbxz1i8ygs6z0sc8jr-util-linux-minimal-2.39.4-dev' from 'https://cache.nixos.org'...
copying path '/nix/store/4ig84cyqi6qy4n0sanrbzsw1ixa497jx-stdenv-linux' from 'https://cache.nixos.org'...
copying path '/nix/store/d0gfdcag8bxzvg7ww4s7px4lf8sxisyx-stdenv-linux' from 'https://cache.nixos.org'...
copying path '/nix/store/0nmsi40rfxgv5r2c7673c9lv42rxvpb3-wrap-gapps-hook' from 'https://cache.nixos.org'...
copying path '/nix/store/a7z0p8j5mykcbb3m9agpcmac83j0ak0q-nss-3.101.2-dev' from 'https://cache.nixos.org'...
copying path '/nix/store/dz97fw51rm5bl9kz1vg0haj1j1a7r1mr-nghttp2-1.64.0-dev' from 'https://cache.nixos.org'...
building '/nix/store/nmnp9sgdkjpf5nk8c7svarwrn4m82a08-boot.json.drv'...
building '/nix/store/9smjjb5pkmcbykz8p4786s3a4nq6m030-builder.pl.drv'...
building '/nix/store/1ri2gfki84b6hq5zp2a8bgwyqmm1dnhj-check-sshd-config.drv'...
building '/nix/store/kab66a9xnrqly1xqf32ky9glplwx3731-dummy-xdg-mime-dirs1.drv'...
building '/nix/store/lm4m2rxiks493wn81721kky9y2q77914-dummy-xdg-mime-dirs2.drv'...
building '/nix/store/9a4qaghws7lgag6bzf7arhy6njfxrf4l-ensure-all-wrappers-paths-exist.drv'...
building '/nix/store/bam53m0ynr8dy1y6rjl47xkcygw4qxg7-postman.desktop.drv'...
building '/nix/store/l07m6dwl98wsipaga66dk3vcd67jxvz2-stage-2-init.sh.drv'...
building '/nix/store/jnpvwpmzgdxcz5yky33dbk23p6qx3sba-unit-console-getty.service-disabled.drv'...
building '/nix/store/k7x0z0vmaxvxhanhkpxmnaaw7jfk70y8-unit-pipewire.service-disabled.drv'...
building '/nix/store/zfcnab7168x39igsd0k5lvgjmlwivsgz-unit-pipewire.socket-disabled.drv'...
building '/nix/store/wk2z3n061b9w7v755jh2whl86v7n4hal-unit-wireplumber.service-disabled.drv'...
copying path '/nix/store/v9c1s50x7magpiqgycxxkn36avzbcg0g-krb5-1.21.3-lib' from 'https://cache.nixos.org'...
copying path '/nix/store/8675pnfr4fqnwv4pzjl67hdwls4q13aa-libssh2-1.11.1' from 'https://cache.nixos.org'...
copying path '/nix/store/qq5q0alyzywdazhmybi7m69akz0ppk05-openssl-3.3.2-bin' from 'https://cache.nixos.org'...
building '/nix/store/1jwsygyi7xdi4p9c8q1xkzp3kp2bypr8-perl-5.40.0-env.drv'...
copying path '/nix/store/pkc7mb4a4qvyz73srkqh4mwl70w98dsv-curl-8.11.0' from 'https://cache.nixos.org'...
copying path '/nix/store/milph81dilrh96isyivh5n50agpx39k2-krb5-1.21.3' from 'https://cache.nixos.org'...
copying path '/nix/store/kqm7wpqkzc4bwjlzqizcbz0mgkj06a9x-openssl-3.3.2-dev' from 'https://cache.nixos.org'...
copying path '/nix/store/b56mswksrql15knpb1bnhv3ysif340kd-krb5-1.21.3-dev' from 'https://cache.nixos.org'...
copying path '/nix/store/d7zhcrcc7q3yfbm3qkqpgc3daq82spwi-libssh2-1.11.1-dev' from 'https://cache.nixos.org'...
copying path '/nix/store/p123cq20klajcl9hj8jnkjip5nw6awhz-curl-8.11.0-bin' from 'https://cache.nixos.org'...
copying path '/nix/store/5f5linrxzhhb3mrclkwdpm9bd8ygldna-curl-8.11.0-dev' from 'https://cache.nixos.org'...
building '/nix/store/k1nw75samdm35cwsjdwd4pg5ryn8c03b-postman-11.1.0.tar.gz.drv'...
building '/nix/store/pps5y677lv19csqhgbg66201dkp0cbv7-postman-11.1.0.drv'...
building '/nix/store/f09x3i2zis9s4qxcp7q2m8symjk74l3l-home-manager-path.drv'...
building '/nix/store/lf5s2fxk82313vacwvwkahgqrm6hqfav-activation-script.drv'...
building '/nix/store/ynd9crz36vsgvgphaif906452vwyv12p-home-manager-generation.drv'...
building '/nix/store/049hz96834cs229s95syif6hjah9zk4c-unit-home-manager-kendell.service.drv'...
building '/nix/store/550bwspw1ljs3jbbjm7fkpshr6hsap2h-system-units.drv'...
building '/nix/store/40hxyhs1gp8d3dwwamyx89v11g5x8588-etc.drv'...
building '/nix/store/15yzwjf45wdkhpfjp2kyrav86h30masc-nixos-system-Arc-170-25.05.20250112.ed4a395.drv'...
activating the configuration...
setting up /etc...
reloading user units for kendell...
restarting sysinit-reactivation.target
the following new units were started: NetworkManager-dispatcher.service
